/wiki/Orval_Overall,Orval Overall
/wiki/List_of_Major_League_Baseball_pitchers_who_have_struck_out_four_batters_in_one_inning,Major League Baseball player to strike out four batters in one inning
/wiki/World_Series,World Series
/wiki/West_Triangle_Economic_Zone,West Triangle Economic Zone
/wiki/Kismet_(1943_film),Kismet
/wiki/Gyan_Mukherjee,Gyan Mukherjee
/wiki/Roxy_Cinema_(Kolkata),Roxy, Kolkata
/wiki/Vauix_Carter,Vauix Carter
/wiki/1882_Navy_Midshipmen_football_team,1882 Navy Midshipmen football team
/wiki/Zhu_Chenhao,Zhu Chenhao
/wiki/Slow_slicing,slow slicing
/wiki/Prince_of_Ning_rebellion,Prince of Ning rebellion
/wiki/Ming_Dynasty,Ming Dynasty
/wiki/Zhengde_Emperor,emperor Zhengde
/wiki/Mirza_Adeeb,Mirza Adeeb
/wiki/Urdu,Urdu
/wiki/La%C3%9Ft_uns_sorgen,_la%C3%9Ft_uns_wachen,_BWV_213,Die Wahl des Herkules
/wiki/Wikipedia:Recent_additions,Archive
/wiki/Wikipedia:Your_first_article,Start a new article
/wiki/Template_talk:Did_you_know,Nominate an article
